{"C:\\code\\playground\\viturahealth\\VituraHealth.PrescriptionManagement\\viturahealth.prescriptionmanagement.client\\src\\App.tsx": {"path":"C:\\code\\playground\\viturahealth\\VituraHealth.PrescriptionManagement\\viturahealth.prescriptionmanagement.client\\src\\App.tsx","statementMap":{"0":{"start":{"line":1,"column":0},"end":{"line":1,"column":40}},"1":{"start":{"line":2,"column":0},"end":{"line":2,"column":69}},"2":{"start":{"line":3,"column":0},"end":{"line":3,"column":51}},"3":{"start":{"line":4,"column":0},"end":{"line":4,"column":67}},"4":{"start":{"line":5,"column":0},"end":{"line":5,"column":67}},"5":{"start":{"line":7,"column":22},"end":{"line":46,"column":1}},"6":{"start":{"line":8,"column":28},"end":{"line":8,"column":48}},"7":{"start":{"line":9,"column":4},"end":{"line":45,"column":6}},"8":{"start":{"line":21,"column":35},"end":{"line":21,"column":54}},"9":{"start":{"line":27,"column":35},"end":{"line":27,"column":49}},"10":{"start":{"line":33,"column":35},"end":{"line":33,"column":53}},"11":{"start":{"line":48,"column":0},"end":{"line":48,"column":19}}},"fnMap":{"0":{"name":"(anonymous_1)","decl":{"start":{"line":7,"column":22},"end":{"line":7,"column":25}},"loc":{"start":{"line":7,"column":27},"end":{"line":46,"column":1}}},"1":{"name":"(anonymous_2)","decl":{"start":{"line":21,"column":29},"end":{"line":21,"column":32}},"loc":{"start":{"line":21,"column":35},"end":{"line":21,"column":54}}},"2":{"name":"(anonymous_3)","decl":{"start":{"line":27,"column":29},"end":{"line":27,"column":32}},"loc":{"start":{"line":27,"column":35},"end":{"line":27,"column":49}}},"3":{"name":"(anonymous_4)","decl":{"start":{"line":33,"column":29},"end":{"line":33,"column":32}},"loc":{"start":{"line":33,"column":35},"end":{"line":33,"column":53}}}},"branchMap":{"0":{"loc":{"start":{"line":22,"column":63},"end":{"line":22,"column":120}},"type":"cond-expr","locations":[{"start":{"line":22,"column":85},"end":{"line":22,"column":98}},{"start":{"line":22,"column":101},"end":{"line":22,"column":120}}]},"1":{"loc":{"start":{"line":28,"column":63},"end":{"line":28,"column":115}},"type":"cond-expr","locations":[{"start":{"line":28,"column":80},"end":{"line":28,"column":93}},{"start":{"line":28,"column":96},"end":{"line":28,"column":115}}]},"2":{"loc":{"start":{"line":34,"column":63},"end":{"line":34,"column":119}},"type":"cond-expr","locations":[{"start":{"line":34,"column":84},"end":{"line":34,"column":97}},{"start":{"line":34,"column":100},"end":{"line":34,"column":119}}]},"3":{"loc":{"start":{"line":40,"column":17},"end":{"line":40,"column":55}},"type":"binary-expr","locations":[{"start":{"line":40,"column":17},"end":{"line":40,"column":36}},{"start":{"line":40,"column":40},"end":{"line":40,"column":55}}]},"4":{"loc":{"start":{"line":41,"column":17},"end":{"line":41,"column":58}},"type":"binary-expr","locations":[{"start":{"line":41,"column":17},"end":{"line":41,"column":31}},{"start":{"line":41,"column":35},"end":{"line":41,"column":58}}]},"5":{"loc":{"start":{"line":42,"column":17},"end":{"line":42,"column":62}},"type":"binary-expr","locations":[{"start":{"line":42,"column":17},"end":{"line":42,"column":35}},{"start":{"line":42,"column":39},"end":{"line":42,"column":62}}]}},"s":{"0":0,"1":0,"2":0,"3":0,"4":0,"5":0,"6":0,"7":0,"8":0,"9":0,"10":0,"11":0},"f":{"0":0,"1":0,"2":0,"3":0},"b":{"0":[0,0],"1":[0,0],"2":[0,0],"3":[0,0],"4":[0,0],"5":[0,0]}}
,"C:\\code\\playground\\viturahealth\\VituraHealth.PrescriptionManagement\\viturahealth.prescriptionmanagement.client\\src\\main.tsx": {"path":"C:\\code\\playground\\viturahealth\\VituraHealth.PrescriptionManagement\\viturahealth.prescriptionmanagement.client\\src\\main.tsx","statementMap":{"0":{"start":{"line":1,"column":0},"end":{"line":1,"column":34}},"1":{"start":{"line":2,"column":0},"end":{"line":2,"column":45}},"2":{"start":{"line":3,"column":0},"end":{"line":3,"column":20}},"3":{"start":{"line":4,"column":0},"end":{"line":4,"column":23}},"4":{"start":{"line":6,"column":0},"end":{"line":10,"column":null}}},"fnMap":{},"branchMap":{},"s":{"0":0,"1":0,"2":0,"3":0,"4":0},"f":{},"b":{}}
,"C:\\code\\playground\\viturahealth\\VituraHealth.PrescriptionManagement\\viturahealth.prescriptionmanagement.client\\src\\vite-env.d.ts": {"path":"C:\\code\\playground\\viturahealth\\VituraHealth.PrescriptionManagement\\viturahealth.prescriptionmanagement.client\\src\\vite-env.d.ts","statementMap":{},"fnMap":{},"branchMap":{},"s":{},"f":{},"b":{}}
,"C:\\code\\playground\\viturahealth\\VituraHealth.PrescriptionManagement\\viturahealth.prescriptionmanagement.client\\src\\components\\NewPrescriptionForm.tsx": {"path":"C:\\code\\playground\\viturahealth\\VituraHealth.PrescriptionManagement\\viturahealth.prescriptionmanagement.client\\src\\components\\NewPrescriptionForm.tsx","statementMap":{"0":{"start":{"line":1,"column":0},"end":{"line":1,"column":40}},"1":{"start":{"line":2,"column":0},"end":{"line":2,"column":72}},"2":{"start":{"line":3,"column":0},"end":{"line":3,"column":55}},"3":{"start":{"line":4,"column":0},"end":{"line":4,"column":47}},"4":{"start":{"line":7,"column":38},"end":{"line":96,"column":1}},"5":{"start":{"line":9,"column":42},"end":{"line":9,"column":66}},"6":{"start":{"line":11,"column":38},"end":{"line":11,"column":57}},"7":{"start":{"line":12,"column":36},"end":{"line":12,"column":48}},"8":{"start":{"line":13,"column":32},"end":{"line":13,"column":44}},"9":{"start":{"line":14,"column":30},"end":{"line":14,"column":42}},"10":{"start":{"line":17,"column":25},"end":{"line":38,"column":6}},"11":{"start":{"line":17,"column":54},"end":{"line":38,"column":6}},"12":{"start":{"line":18,"column":8},"end":{"line":18,"column":27}},"13":{"start":{"line":20,"column":8},"end":{"line":23,"column":9}},"14":{"start":{"line":21,"column":12},"end":{"line":21,"column":49}},"15":{"start":{"line":22,"column":12},"end":{"line":22,"column":19}},"16":{"start":{"line":24,"column":8},"end":{"line":36,"column":9}},"17":{"start":{"line":26,"column":12},"end":{"line":26,"column":86}},"18":{"start":{"line":27,"column":12},"end":{"line":27,"column":62}},"19":{"start":{"line":29,"column":12},"end":{"line":29,"column":28}},"20":{"start":{"line":30,"column":12},"end":{"line":30,"column":28}},"21":{"start":{"line":31,"column":12},"end":{"line":31,"column":26}},"22":{"start":{"line":32,"column":12},"end":{"line":32,"column":25}},"23":{"start":{"line":35,"column":12},"end":{"line":35,"column":74}},"24":{"start":{"line":40,"column":4},"end":{"line":95,"column":6}},"25":{"start":{"line":53,"column":61},"end":{"line":53,"column":97}},"26":{"start":{"line":56,"column":28},"end":{"line":56,"column":47}},"27":{"start":{"line":69,"column":39},"end":{"line":69,"column":66}},"28":{"start":{"line":81,"column":39},"end":{"line":81,"column":64}},"29":{"start":{"line":98,"column":0},"end":{"line":98,"column":35}}},"fnMap":{"0":{"name":"(anonymous_7)","decl":{"start":{"line":7,"column":38},"end":{"line":7,"column":41}},"loc":{"start":{"line":7,"column":43},"end":{"line":96,"column":1}}},"1":{"name":"(anonymous_8)","decl":{"start":{"line":17,"column":25},"end":{"line":17,"column":32}},"loc":{"start":{"line":17,"column":54},"end":{"line":38,"column":6}}},"2":{"name":"(anonymous_9)","decl":{"start":{"line":17,"column":54},"end":{"line":17,"column":null}},"loc":{"start":{"line":17,"column":54},"end":{"line":38,"column":5}}},"3":{"name":"(anonymous_10)","decl":{"start":{"line":53,"column":56},"end":{"line":53,"column":57}},"loc":{"start":{"line":53,"column":61},"end":{"line":53,"column":97}}},"4":{"name":"(anonymous_11)","decl":{"start":{"line":55,"column":38},"end":{"line":55,"column":39}},"loc":{"start":{"line":56,"column":28},"end":{"line":56,"column":47}}},"5":{"name":"(anonymous_12)","decl":{"start":{"line":69,"column":34},"end":{"line":69,"column":35}},"loc":{"start":{"line":69,"column":39},"end":{"line":69,"column":66}}},"6":{"name":"(anonymous_13)","decl":{"start":{"line":81,"column":34},"end":{"line":81,"column":35}},"loc":{"start":{"line":81,"column":39},"end":{"line":81,"column":64}}}},"branchMap":{"0":{"loc":{"start":{"line":20,"column":8},"end":{"line":23,"column":9}},"type":"if","locations":[{"start":{"line":20,"column":8},"end":{"line":23,"column":9}},{"start":{},"end":{}}]},"1":{"loc":{"start":{"line":20,"column":12},"end":{"line":20,"column":60}},"type":"binary-expr","locations":[{"start":{"line":20,"column":12},"end":{"line":20,"column":22}},{"start":{"line":20,"column":26},"end":{"line":20,"column":42}},{"start":{"line":20,"column":46},"end":{"line":20,"column":60}}]},"2":{"loc":{"start":{"line":52,"column":21},"end":{"line":52,"column":73}},"type":"binary-expr","locations":[{"start":{"line":52,"column":21},"end":{"line":52,"column":26}},{"start":{"line":52,"column":30},"end":{"line":52,"column":73}}]}},"s":{"0":0,"1":0,"2":0,"3":0,"4":0,"5":0,"6":0,"7":0,"8":0,"9":0,"10":0,"11":0,"12":0,"13":0,"14":0,"15":0,"16":0,"17":0,"18":0,"19":0,"20":0,"21":0,"22":0,"23":0,"24":0,"25":0,"26":0,"27":0,"28":0,"29":0},"f":{"0":0,"1":0,"2":0,"3":0,"4":0,"5":0,"6":0},"b":{"0":[0,0],"1":[0,0,0],"2":[0,0]}}
,"C:\\code\\playground\\viturahealth\\VituraHealth.PrescriptionManagement\\viturahealth.prescriptionmanagement.client\\src\\components\\PatientList.tsx": {"path":"C:\\code\\playground\\viturahealth\\VituraHealth.PrescriptionManagement\\viturahealth.prescriptionmanagement.client\\src\\components\\PatientList.tsx","statementMap":{"0":{"start":{"line":2,"column":0},"end":{"line":2,"column":72}},"1":{"start":{"line":16,"column":30},"end":{"line":39,"column":1}},"2":{"start":{"line":18,"column":25},"end":{"line":18,"column":49}},"3":{"start":{"line":19,"column":4},"end":{"line":38,"column":6}},"4":{"start":{"line":27,"column":20},"end":{"line":28,"column":null}},"5":{"start":{"line":41,"column":0},"end":{"line":41,"column":27}}},"fnMap":{"0":{"name":"(anonymous_0)","decl":{"start":{"line":16,"column":30},"end":{"line":16,"column":33}},"loc":{"start":{"line":16,"column":35},"end":{"line":39,"column":1}}},"1":{"name":"(anonymous_1)","decl":{"start":{"line":26,"column":30},"end":{"line":26,"column":31}},"loc":{"start":{"line":27,"column":20},"end":{"line":28,"column":null}}}},"branchMap":{},"s":{"0":1,"1":1,"2":1,"3":1,"4":2,"5":1},"f":{"0":1,"1":2},"b":{}}
,"C:\\code\\playground\\viturahealth\\VituraHealth.PrescriptionManagement\\viturahealth.prescriptionmanagement.client\\src\\components\\PrescriptionHistory.tsx": {"path":"C:\\code\\playground\\viturahealth\\VituraHealth.PrescriptionManagement\\viturahealth.prescriptionmanagement.client\\src\\components\\PrescriptionHistory.tsx","statementMap":{"0":{"start":{"line":1,"column":0},"end":{"line":1,"column":40}},"1":{"start":{"line":2,"column":0},"end":{"line":2,"column":72}},"2":{"start":{"line":5,"column":38},"end":{"line":66,"column":1}},"3":{"start":{"line":7,"column":40},"end":{"line":7,"column":64}},"4":{"start":{"line":10,"column":32},"end":{"line":10,"column":44}},"5":{"start":{"line":11,"column":34},"end":{"line":11,"column":48}},"6":{"start":{"line":14,"column":21},"end":{"line":27,"column":null}},"7":{"start":{"line":17,"column":28},"end":{"line":17,"column":70}},"8":{"start":{"line":17,"column":48},"end":{"line":17,"column":69}},"9":{"start":{"line":19,"column":12},"end":{"line":22,"column":14}},"10":{"start":{"line":24,"column":24},"end":{"line":27,"column":89}},"11":{"start":{"line":30,"column":4},"end":{"line":65,"column":6}},"12":{"start":{"line":40,"column":35},"end":{"line":40,"column":60}},"13":{"start":{"line":44,"column":35},"end":{"line":44,"column":55}},"14":{"start":{"line":52,"column":36},"end":{"line":52,"column":78}},"15":{"start":{"line":52,"column":56},"end":{"line":52,"column":77}},"16":{"start":{"line":53,"column":20},"end":{"line":61,"column":22}},"17":{"start":{"line":68,"column":0},"end":{"line":68,"column":35}}},"fnMap":{"0":{"name":"(anonymous_0)","decl":{"start":{"line":5,"column":38},"end":{"line":5,"column":41}},"loc":{"start":{"line":5,"column":43},"end":{"line":66,"column":1}}},"1":{"name":"(anonymous_1)","decl":{"start":{"line":15,"column":16},"end":{"line":15,"column":17}},"loc":{"start":{"line":15,"column":20},"end":{"line":23,"column":9}}},"2":{"name":"(anonymous_2)","decl":{"start":{"line":17,"column":42},"end":{"line":17,"column":44}},"loc":{"start":{"line":17,"column":48},"end":{"line":17,"column":69}}},"3":{"name":"(anonymous_3)","decl":{"start":{"line":24,"column":14},"end":{"line":24,"column":15}},"loc":{"start":{"line":24,"column":24},"end":{"line":27,"column":89}}},"4":{"name":"(anonymous_4)","decl":{"start":{"line":40,"column":30},"end":{"line":40,"column":31}},"loc":{"start":{"line":40,"column":35},"end":{"line":40,"column":60}}},"5":{"name":"(anonymous_5)","decl":{"start":{"line":44,"column":29},"end":{"line":44,"column":32}},"loc":{"start":{"line":44,"column":35},"end":{"line":44,"column":55}}},"6":{"name":"(anonymous_6)","decl":{"start":{"line":51,"column":30},"end":{"line":51,"column":31}},"loc":{"start":{"line":51,"column":34},"end":{"line":62,"column":17}}},"7":{"name":"(anonymous_7)","decl":{"start":{"line":52,"column":50},"end":{"line":52,"column":52}},"loc":{"start":{"line":52,"column":56},"end":{"line":52,"column":77}}}},"branchMap":{"0":{"loc":{"start":{"line":20,"column":16},"end":{"line":21,"column":71}},"type":"binary-expr","locations":[{"start":{"line":20,"column":16},"end":{"line":20,"column":78}},{"start":{"line":21,"column":16},"end":{"line":21,"column":71}}]},"1":{"loc":{"start":{"line":20,"column":16},"end":{"line":20,"column":78}},"type":"cond-expr","locations":[{"start":{"line":20,"column":23},"end":{"line":20,"column":25}},{"start":{"line":20,"column":16},"end":{"line":20,"column":78}}]},"2":{"loc":{"start":{"line":20,"column":16},"end":{"line":20,"column":25}},"type":"binary-expr","locations":[{"start":{"line":20,"column":16},"end":{"line":20,"column":25}},{"start":{"line":20,"column":16},"end":{"line":20,"column":25}}]},"3":{"loc":{"start":{"line":24,"column":24},"end":{"line":27,"column":89}},"type":"cond-expr","locations":[{"start":{"line":26,"column":14},"end":{"line":26,"column":89}},{"start":{"line":27,"column":14},"end":{"line":27,"column":89}}]},"4":{"loc":{"start":{"line":47,"column":34},"end":{"line":47,"column":53}},"type":"cond-expr","locations":[{"start":{"line":47,"column":44},"end":{"line":47,"column":47}},{"start":{"line":47,"column":50},"end":{"line":47,"column":53}}]},"5":{"loc":{"start":{"line":55,"column":73},"end":{"line":55,"column":90}},"type":"cond-expr","locations":[{"start":{"line":55,"column":80},"end":{"line":55,"column":82}},{"start":{"line":55,"column":73},"end":{"line":55,"column":90}}]},"6":{"loc":{"start":{"line":55,"column":73},"end":{"line":55,"column":82}},"type":"binary-expr","locations":[{"start":{"line":55,"column":73},"end":{"line":55,"column":82}},{"start":{"line":55,"column":73},"end":{"line":55,"column":82}}]}},"s":{"0":1,"1":1,"2":1,"3":4,"4":4,"5":4,"6":4,"7":8,"8":12,"9":8,"10":3,"11":4,"12":1,"13":0,"14":7,"15":11,"16":7,"17":1},"f":{"0":4,"1":8,"2":12,"3":3,"4":1,"5":0,"6":7,"7":11},"b":{"0":[8,1],"1":[0,8],"2":[8,8],"3":[3,0],"4":[4,0],"5":[0,7],"6":[7,7]}}
,"C:\\code\\playground\\viturahealth\\VituraHealth.PrescriptionManagement\\viturahealth.prescriptionmanagement.client\\src\\context\\PrescriptionContext.tsx": {"path":"C:\\code\\playground\\viturahealth\\VituraHealth.PrescriptionManagement\\viturahealth.prescriptionmanagement.client\\src\\context\\PrescriptionContext.tsx","statementMap":{"0":{"start":{"line":1,"column":0},"end":{"line":1,"column":78}},"1":{"start":{"line":3,"column":0},"end":{"line":3,"column":75}},"2":{"start":{"line":14,"column":13},"end":{"line":14,"column":104}},"3":{"start":{"line":17,"column":77},"end":{"line":43,"column":1}},"4":{"start":{"line":18,"column":36},"end":{"line":18,"column":59}},"5":{"start":{"line":19,"column":46},"end":{"line":19,"column":74}},"6":{"start":{"line":22,"column":4},"end":{"line":25,"column":11}},"7":{"start":{"line":23,"column":8},"end":{"line":23,"column":40}},"8":{"start":{"line":24,"column":8},"end":{"line":24,"column":31}},"9":{"start":{"line":28,"column":33},"end":{"line":30,"column":5}},"10":{"start":{"line":29,"column":8},"end":{"line":29,"column":50}},"11":{"start":{"line":33,"column":28},"end":{"line":36,"column":6}},"12":{"start":{"line":33,"column":88},"end":{"line":36,"column":6}},"13":{"start":{"line":34,"column":8},"end":{"line":34,"column":39}},"14":{"start":{"line":35,"column":8},"end":{"line":35,"column":31}},"15":{"start":{"line":38,"column":4},"end":{"line":42,"column":6}},"16":{"start":{"line":17,"column":13},"end":{"line":17,"column":77}},"17":{"start":{"line":46,"column":38},"end":{"line":50,"column":1}},"18":{"start":{"line":47,"column":16},"end":{"line":47,"column":47}},"19":{"start":{"line":48,"column":4},"end":{"line":48,"column":97}},"20":{"start":{"line":48,"column":14},"end":{"line":48,"column":97}},"21":{"start":{"line":49,"column":4},"end":{"line":49,"column":15}},"22":{"start":{"line":46,"column":13},"end":{"line":46,"column":38}}},"fnMap":{"0":{"name":"(anonymous_16)","decl":{"start":{"line":17,"column":77},"end":{"line":17,"column":78}},"loc":{"start":{"line":17,"column":94},"end":{"line":43,"column":1}}},"1":{"name":"(anonymous_17)","decl":{"start":{"line":22,"column":14},"end":{"line":22,"column":17}},"loc":{"start":{"line":22,"column":19},"end":{"line":25,"column":5}}},"2":{"name":"(anonymous_18)","decl":{"start":{"line":28,"column":33},"end":{"line":28,"column":36}},"loc":{"start":{"line":28,"column":38},"end":{"line":30,"column":5}}},"3":{"name":"(anonymous_19)","decl":{"start":{"line":33,"column":28},"end":{"line":33,"column":35}},"loc":{"start":{"line":33,"column":88},"end":{"line":36,"column":6}}},"4":{"name":"(anonymous_20)","decl":{"start":{"line":33,"column":88},"end":{"line":33,"column":null}},"loc":{"start":{"line":33,"column":88},"end":{"line":36,"column":5}}},"5":{"name":"(anonymous_21)","decl":{"start":{"line":46,"column":38},"end":{"line":46,"column":41}},"loc":{"start":{"line":46,"column":43},"end":{"line":50,"column":1}}}},"branchMap":{"0":{"loc":{"start":{"line":48,"column":4},"end":{"line":48,"column":97}},"type":"if","locations":[{"start":{"line":48,"column":4},"end":{"line":48,"column":97}},{"start":{},"end":{}}]}},"s":{"0":0,"1":0,"2":0,"3":0,"4":0,"5":0,"6":0,"7":0,"8":0,"9":0,"10":0,"11":0,"12":0,"13":0,"14":0,"15":0,"16":0,"17":0,"18":0,"19":0,"20":0,"21":0,"22":0},"f":{"0":0,"1":0,"2":0,"3":0,"4":0,"5":0},"b":{"0":[0,0]}}
}
