TN:
SF:src\App.tsx
FN:7,(anonymous_1)
FN:21,(anonymous_2)
FN:27,(anonymous_3)
FN:33,(anonymous_4)
FNF:4
FNH:0
FNDA:0,(anonymous_1)
FNDA:0,(anonymous_2)
FNDA:0,(anonymous_3)
FNDA:0,(anonymous_4)
DA:1,0
DA:2,0
DA:3,0
DA:4,0
DA:5,0
DA:7,0
DA:8,0
DA:9,0
DA:21,0
DA:27,0
DA:33,0
DA:48,0
LF:12
LH:0
BRDA:22,0,0,0
BRDA:22,0,1,0
BRDA:28,1,0,0
BRDA:28,1,1,0
BRDA:34,2,0,0
BRDA:34,2,1,0
BRDA:40,3,0,0
BRDA:40,3,1,0
BRDA:41,4,0,0
BRDA:41,4,1,0
BRDA:42,5,0,0
BRDA:42,5,1,0
BRF:12
BRH:0
end_of_record
TN:
SF:src\main.tsx
FNF:0
FNH:0
DA:1,0
DA:2,0
DA:3,0
DA:4,0
DA:6,0
LF:5
LH:0
BRF:0
BRH:0
end_of_record
TN:
SF:src\vite-env.d.ts
FNF:0
FNH:0
LF:0
LH:0
BRF:0
BRH:0
end_of_record
TN:
SF:src\components\NewPrescriptionForm.tsx
FN:7,(anonymous_7)
FN:17,(anonymous_8)
FN:17,(anonymous_9)
FN:53,(anonymous_10)
FN:55,(anonymous_11)
FN:69,(anonymous_12)
FN:81,(anonymous_13)
FNF:7
FNH:0
FNDA:0,(anonymous_7)
FNDA:0,(anonymous_8)
FNDA:0,(anonymous_9)
FNDA:0,(anonymous_10)
FNDA:0,(anonymous_11)
FNDA:0,(anonymous_12)
FNDA:0,(anonymous_13)
DA:1,0
DA:2,0
DA:3,0
DA:4,0
DA:7,0
DA:9,0
DA:11,0
DA:12,0
DA:13,0
DA:14,0
DA:17,0
DA:18,0
DA:20,0
DA:21,0
DA:22,0
DA:24,0
DA:26,0
DA:27,0
DA:29,0
DA:30,0
DA:31,0
DA:32,0
DA:35,0
DA:40,0
DA:53,0
DA:56,0
DA:69,0
DA:81,0
DA:98,0
LF:29
LH:0
BRDA:20,0,0,0
BRDA:20,0,1,0
BRDA:20,1,0,0
BRDA:20,1,1,0
BRDA:20,1,2,0
BRDA:52,2,0,0
BRDA:52,2,1,0
BRF:7
BRH:0
end_of_record
TN:
SF:src\components\PatientList.tsx
FN:16,(anonymous_0)
FN:26,(anonymous_1)
FNF:2
FNH:2
FNDA:1,(anonymous_0)
FNDA:2,(anonymous_1)
DA:2,1
DA:16,1
DA:18,1
DA:19,1
DA:27,2
DA:41,1
LF:6
LH:6
BRF:0
BRH:0
end_of_record
TN:
SF:src\components\PrescriptionHistory.tsx
FN:5,(anonymous_0)
FN:15,(anonymous_1)
FN:17,(anonymous_2)
FN:24,(anonymous_3)
FN:40,(anonymous_4)
FN:44,(anonymous_5)
FN:51,(anonymous_6)
FN:52,(anonymous_7)
FNF:8
FNH:7
FNDA:4,(anonymous_0)
FNDA:8,(anonymous_1)
FNDA:12,(anonymous_2)
FNDA:3,(anonymous_3)
FNDA:1,(anonymous_4)
FNDA:0,(anonymous_5)
FNDA:7,(anonymous_6)
FNDA:11,(anonymous_7)
DA:1,1
DA:2,1
DA:5,1
DA:7,4
DA:10,4
DA:11,4
DA:14,4
DA:17,12
DA:19,8
DA:24,3
DA:30,4
DA:40,1
DA:44,0
DA:52,11
DA:53,7
DA:68,1
LF:16
LH:15
BRDA:20,0,0,8
BRDA:20,0,1,1
BRDA:20,1,0,0
BRDA:20,1,1,8
BRDA:20,2,0,8
BRDA:20,2,1,8
BRDA:24,3,0,3
BRDA:24,3,1,0
BRDA:47,4,0,4
BRDA:47,4,1,0
BRDA:55,5,0,0
BRDA:55,5,1,7
BRDA:55,6,0,7
BRDA:55,6,1,7
BRF:14
BRH:10
end_of_record
TN:
SF:src\context\PrescriptionContext.tsx
FN:17,(anonymous_16)
FN:22,(anonymous_17)
FN:28,(anonymous_18)
FN:33,(anonymous_19)
FN:33,(anonymous_20)
FN:46,(anonymous_21)
FNF:6
FNH:0
FNDA:0,(anonymous_16)
FNDA:0,(anonymous_17)
FNDA:0,(anonymous_18)
FNDA:0,(anonymous_19)
FNDA:0,(anonymous_20)
FNDA:0,(anonymous_21)
DA:1,0
DA:3,0
DA:14,0
DA:17,0
DA:18,0
DA:19,0
DA:22,0
DA:23,0
DA:24,0
DA:28,0
DA:29,0
DA:33,0
DA:34,0
DA:35,0
DA:38,0
DA:46,0
DA:47,0
DA:48,0
DA:49,0
LF:19
LH:0
BRDA:48,0,0,0
BRDA:48,0,1,0
BRF:2
BRH:0
end_of_record
